[INFO  - 2017-02-06T03:28:49.454Z] GhostDriver - Main - running on port 1582
[[INFO  - 2017-02-06T03:28:49.970Z] Session [6042f8a0-ec1c-11e6-b8c2-d3d575f4d7b9] - page.settings - {"XSSAuditingEnabled":false,"javascriptCanCloseWindows":true,"javascriptCanOpenWindows":true,"javascriptEnabled":true,"loadImages":true,"localToRemoteUrlAccessEnabled":false,"userAgent":"Mozilla/5.0 (Windows NT 6.1; WOW64) AppleWebKit/538.1 (KHTML, like Gecko) PhantomJS/2.1.1 Safari/538.1","webSecurityEnabled":false}
[INFO  - 2017-02-06T03:28:49.970Z] Session [6042f8a0-ec1c-11e6-b8c2-d3d575f4d7b9] - page.customHeaders:  - {}
[INFO  - 2017-02-06T03:28:49.971Z] Session [6042f8a0-ec1c-11e6-b8c2-d3d575f4d7b9] - Session.negotiatedCapabilities - {"browserName":"phantomjs","version":"2.1.1","driverName":"ghostdriver","driverVersion":"1.2.0","platform":"windows-7-32bit","javascriptEnabled":true,"takesScreenshot":true,"handlesAlerts":false,"databaseEnabled":false,"locationContextEnabled":false,"applicationCacheEnabled":false,"browserConnectionEnabled":false,"cssSelectorsEnabled":true,"webStorageEnabled":false,"rotatable":false,"acceptSslCerts":false,"nativeEvents":true,"proxy":{"proxyType":"direct"}}
[INFO  - 2017-02-06T03:28:49.971Z] SessionManagerReqHand - _postNewSessionCommand - New Session Created: 6042f8a0-ec1c-11e6-b8c2-d3d575f4d7b9[INFO  - 2017-02-06T03:29:17.508Z] ShutdownReqHand - _handle - About to shutdown

[INFO  - 2017-02-06T03:29:28.561Z] GhostDriver - Main - running on port 29397
[INFO  - 2017-02-06T03:29:29.243Z] Session [77ab6720-ec1c-11e6-a3b1-e55d8d76d015] - page.settings - {"XSSAuditingEnabled":false,"javascriptCanCloseWindows":true,"javascriptCanOpenWindows":true,"javascriptEnabled":true,"loadImages":true,"localToRemoteUrlAccessEnabled":false,"userAgent":"Mozilla/5.0 (Windows NT 6.1; WOW64) AppleWebKit/538.1 (KHTML, like Gecko) PhantomJS/2.1.1 Safari/538.1","webSecurityEnabled":false}
[INFO  - 2017-02-06T03:29:29.243Z] Session [77ab6720-ec1c-11e6-a3b1-e55d8d76d015] - page.customHeaders:  - {}
[INFO  - 2017-02-06T03:29:29.244Z] Session [77ab6720-ec1c-11e6-a3b1-e55d8d76d015] - Session.negotiatedCapabilities - {"browserName":"phantomjs","version":"2.1.1","driverName":"ghostdriver","driverVersion":"1.2.0","platform":"windows-7-32bit","javascriptEnabled":true,"takesScreenshot":true,"handlesAlerts":false,"databaseEnabled":false,"locationContextEnabled":false,"applicationCacheEnabled":false,"browserConnectionEnabled":false,"cssSelectorsEnabled":true,"webStorageEnabled":false,"rotatable":false,"acceptSslCerts":false,"nativeEvents":true,"proxy":{"proxyType":"direct"}}
[INFO  - 2017-02-06T03:29:29.244Z] SessionManagerReqHand - _postNewSessionCommand - New Session Created: 77ab6720-ec1c-11e6-a3b1-e55d8d76d015
[INFO  - 2017-02-06T03:29:57.116Z] ShutdownReqHand - _handle - About to shutdown
[INFO  - 2017-02-06T03:31:57.122Z] GhostDriver - Main - running on port 2653
[INFO  - 2017-02-06T03:31:57.648Z] Session [d0205c80-ec1c-11e6-be7d-bf0f05db0c40] - page.settings - {"XSSAuditingEnabled":false,"javascriptCanCloseWindows":true,"javascriptCanOpenWindows":true,"javascriptEnabled":true,"loadImages":true,"localToRemoteUrlAccessEnabled":false,"userAgent":"Mozilla/5.0 (Windows NT 6.1; WOW64) AppleWebKit/538.1 (KHTML, like Gecko) PhantomJS/2.1.1 Safari/538.1","webSecurityEnabled":false}
[INFO  - 2017-02-06T03:31:57.649Z] Session [d0205c80-ec1c-11e6-be7d-bf0f05db0c40] - page.customHeaders:  - {}
[INFO  - 2017-02-06T03:31:57.649Z] Session [d0205c80-ec1c-11e6-be7d-bf0f05db0c40] - Session.negotiatedCapabilities - {"browserName":"phantomjs","version":"2.1.1","driverName":"ghostdriver","driverVersion":"1.2.0","platform":"windows-7-32bit","javascriptEnabled":true,"takesScreenshot":true,"handlesAlerts":false,"databaseEnabled":false,"locationContextEnabled":false,"applicationCacheEnabled":false,"browserConnectionEnabled":false,"cssSelectorsEnabled":true,"webStorageEnabled":false,"rotatable":false,"acceptSslCerts":false,"nativeEvents":true,"proxy":{"proxyType":"direct"}}
[INFO  - 2017-02-06T03:31:57.649Z] SessionManagerReqHand - _postNewSessionCommand - New Session Created: d0205c80-ec1c-11e6-be7d-bf0f05db0c40
[INFO  - 2017-02-06T03:32:25.415Z] ShutdownReqHand - _handle - About to shutdown
FO  - 2017-02-06T03:32:24.317Z] ShutdownReqHand - _handle - About to shutdown
[INFO  - 2017-02-06T03:34:50.956Z] GhostDriver - Main - running on port 32270
[INFO  - 2017-02-06T03:34:51.660Z] Session [37d85530-ec1d-11e6-86b4-ff5e72636d6b] - page.settings - {"XSSAuditingEnabled":false,"javascriptCanCloseWindows":true,"javascriptCanOpenWindows":true,"javascriptEnabled":true,"loadImages":true,"localToRemoteUrlAccessEnabled":false,"userAgent":"Mozilla/5.0 (Windows NT 6.1; WOW64) AppleWebKit/538.1 (KHTML, like Gecko) PhantomJS/2.1.1 Safari/538.1","webSecurityEnabled":false}
[INFO  - 2017-02-06T03:34:51.660Z] Session [37d85530-ec1d-11e6-86b4-ff5e72636d6b] - page.customHeaders:  - {}
[INFO  - 2017-02-06T03:34:51.660Z] Session [37d85530-ec1d-11e6-86b4-ff5e72636d6b] - Session.negotiatedCapabilities - {"browserName":"phantomjs","version":"2.1.1","driverName":"ghostdriver","driverVersion":"1.2.0","platform":"windows-7-32bit","javascriptEnabled":true,"takesScreenshot":true,"handlesAlerts":false,"databaseEnabled":false,"locationContextEnabled":false,"applicationCacheEnabled":false,"browserConnectionEnabled":false,"cssSelectorsEnabled":true,"webStorageEnabled":false,"rotatable":false,"acceptSslCerts":false,"nativeEvents":true,"proxy":{"proxyType":"direct"}}
[INFO  - 2017-02-06T03:34:51.660Z] SessionManagerReqHand - _postNewSessionCommand - New Session Created: 37d85530-ec1d-11e6-86b4-ff5e72636d6b
[INFO  - 2017-02-06T03:35:19.254Z] ShutdownReqHand - _handle - About to shutdown
FO  - 2017-02-06T03:35:18.746Z] ShutdownReqHand - _handle - About to shutdown
